<?xml version="1.0" encoding="UTF-8"?>
<!-- Generated by org.testng.reporters.JUnitXMLReporter -->
<testsuite ignored="0" hostname="DESKTOP-8HSVKAU" failures="0" tests="3" name="Test" time="9.529" errors="0" timestamp="2022-01-04T11:45:34 EET">
  <testcase classname="firstTestngSele.threeSesstionParallel" name="session1" time="9.366"/>
  <testcase classname="firstTestngSele.threeSesstionParallel" name="session2" time="9.395"/>
  <testcase classname="firstTestngSele.threeSesstionParallel" name="session3" time="9.467"/>
</testsuite> <!-- Test -->
