<?xml version="1.0" encoding="UTF-8"?>
<!-- Generated by org.testng.reporters.JUnitXMLReporter -->
<testsuite ignored="3" hostname="DESKTOP-8HSVKAU" failures="0" tests="1" name="Default test" time="1.874" errors="0" timestamp="٢٠٢١-١١-٠٩T١٤:٤٩:٥٦ EET">
  <testcase classname="artcourse.Courses" name="getAllCourses" time="0.046"/>
  <testcase classname="artcourse.Courses" name="getCourse" time="0.0">
    <ignored/>
  </testcase> <!-- getCourse -->
  <testcase classname="artcourse.Courses" name="register" time="0.0">
    <ignored/>
  </testcase> <!-- register -->
  <testcase classname="artcourse.Courses" name="postCource" time="0.0">
    <ignored/>
  </testcase> <!-- postCource -->
</testsuite> <!-- Default test -->
