<?xml version="1.0" encoding="UTF-8"?>
<testng-results ignored="0" total="3" passed="3" failed="0" skipped="0">
  <reporter-output>
  </reporter-output>
  <suite started-at="2022-01-04T11:45:24 EET" name="Suite" finished-at="2022-01-04T11:45:34 EET" duration-ms="9529">
    <groups>
    </groups>
    <test started-at="2022-01-04T11:45:24 EET" name="Test" finished-at="2022-01-04T11:45:34 EET" duration-ms="9529">
      <class name="firstTestngSele.threeSesstionParallel">
        <test-method signature="session1()[pri:0, instance:firstTestngSele.threeSesstionParallel@32b260fa]" started-at="2022-01-04T11:45:24 EET" name="session1" finished-at="2022-01-04T11:45:33 EET" duration-ms="9366" status="PASS">
          <reporter-output>
          </reporter-output>
        </test-method> <!-- session1 -->
        <test-method signature="session3()[pri:0, instance:firstTestngSele.threeSesstionParallel@32b260fa]" started-at="2022-01-04T11:45:24 EET" name="session3" finished-at="2022-01-04T11:45:33 EET" duration-ms="9467" status="PASS">
          <reporter-output>
          </reporter-output>
        </test-method> <!-- session3 -->
        <test-method signature="session2()[pri:0, instance:firstTestngSele.threeSesstionParallel@32b260fa]" started-at="2022-01-04T11:45:24 EET" name="session2" finished-at="2022-01-04T11:45:33 EET" duration-ms="9395" status="PASS">
          <reporter-output>
          </reporter-output>
        </test-method> <!-- session2 -->
      </class> <!-- firstTestngSele.threeSesstionParallel -->
    </test> <!-- Test -->
  </suite> <!-- Suite -->
</testng-results>
