<?xml version="1.0" encoding="UTF-8"?>
<testng-results ignored="3" total="4" passed="1" failed="0" skipped="0">
  <reporter-output>
  </reporter-output>
  <suite started-at="٢٠٢١-١١-٠٩T١٤:٤٩:٥٤ EET" name="Default suite" finished-at="٢٠٢١-١١-٠٩T١٤:٤٩:٥٦ EET" duration-ms="1874">
    <groups>
    </groups>
    <test started-at="٢٠٢١-١١-٠٩T١٤:٤٩:٥٤ EET" name="Default test" finished-at="٢٠٢١-١١-٠٩T١٤:٤٩:٥٦ EET" duration-ms="1874">
      <class name="artcourse.Courses">
        <test-method is-config="true" signature="login()[pri:0, instance:artcourse.Courses@5403f35f]" started-at="٢٠٢١-١١-٠٩T١٤:٤٩:٥٤ EET" name="login" finished-at="٢٠٢١-١١-٠٩T١٤:٤٩:٥٦ EET" duration-ms="1797" status="PASS">
          <reporter-output>
          </reporter-output>
        </test-method> <!-- login -->
        <test-method signature="getAllCourses()[pri:0, instance:artcourse.Courses@5403f35f]" started-at="٢٠٢١-١١-٠٩T١٤:٤٩:٥٦ EET" name="getAllCourses" finished-at="٢٠٢١-١١-٠٩T١٤:٤٩:٥٦ EET" duration-ms="46" status="PASS">
          <reporter-output>
          </reporter-output>
        </test-method> <!-- getAllCourses -->
      </class> <!-- artcourse.Courses -->
    </test> <!-- Default test -->
  </suite> <!-- Default suite -->
</testng-results>
