<?xml version="1.0" encoding="UTF-8"?>
<testng-results ignored="3" total="4" passed="1" failed="0" skipped="0">
  <reporter-output>
  </reporter-output>
  <suite started-at="٢٠٢١-١١-٠٩T١٥:٣٠:٥٥ EET" name="Default suite" finished-at="٢٠٢١-١١-٠٩T١٥:٣٠:٥٧ EET" duration-ms="1986">
    <groups>
    </groups>
    <test started-at="٢٠٢١-١١-٠٩T١٥:٣٠:٥٥ EET" name="Default test" finished-at="٢٠٢١-١١-٠٩T١٥:٣٠:٥٧ EET" duration-ms="1986">
      <class name="artcourse.Courses">
        <test-method is-config="true" signature="login()[pri:0, instance:artcourse.Courses@5403f35f]" started-at="٢٠٢١-١١-٠٩T١٥:٣٠:٥٥ EET" name="login" finished-at="٢٠٢١-١١-٠٩T١٥:٣٠:٥٧ EET" duration-ms="1896" status="PASS">
          <reporter-output>
          </reporter-output>
        </test-method> <!-- login -->
        <test-method signature="postCource()[pri:0, instance:artcourse.Courses@5403f35f]" started-at="٢٠٢١-١١-٠٩T١٥:٣٠:٥٧ EET" name="postCource" finished-at="٢٠٢١-١١-٠٩T١٥:٣٠:٥٧ EET" duration-ms="54" status="PASS">
          <reporter-output>
          </reporter-output>
        </test-method> <!-- postCource -->
      </class> <!-- artcourse.Courses -->
    </test> <!-- Default test -->
  </suite> <!-- Default suite -->
</testng-results>
